Android/app/build/outputs/logs/manifest-merger-debug-report.txt
-- Merging decision tree log ---
manifest
ADDED from src\main\AndroidManifest.xml:6:1-46:12
	package
		ADDED from src\main\AndroidManifest.xml:7:11-66
		INJECTED from src\main\AndroidManifest.xml
		INJECTED from src\main\AndroidManifest.xml
	android:versionName
		ADDED from src\main\AndroidManifest.xml:9:11-36
		INJECTED from src\main\AndroidManifest.xml
		INJECTED from src\main\AndroidManifest.xml
	android:versionCode
		ADDED from src\main\AndroidManifest.xml:8:11-34
		INJECTED from src\main\AndroidManifest.xml
		INJECTED from src\main\AndroidManifest.xml
	xmlns:android
		ADDED from src\main\AndroidManifest.xml:6:11-69
uses-sdk
ADDED from src\main\AndroidManifest.xml:11:5-13:40
MERGED from [com.android.support:appcompat-v7:19.1.0] AndroidManifest.xml:18:5-42
MERGED from [com.android.support.constraint:constraint-layout:1.0.2] AndroidManifest.xml:5:5-7:41
	android:targetSdkVersion
		ADDED from src\main\AndroidManifest.xml:13:9-38
		INJECTED from src\main\AndroidManifest.xml
		INJECTED from src\main\AndroidManifest.xml
	android:minSdkVersion
		ADDED from src\main\AndroidManifest.xml:12:9-35
		INJECTED from src\main\AndroidManifest.xml
		INJECTED from src\main\AndroidManifest.xml
uses-permission#android.permission.INTERNET
ADDED from src\main\AndroidManifest.xml:15:5-66
	android:name
		ADDED from src\main\AndroidManifest.xml:15:22-64
uses-permission#android.permission.WRITE_EXTERNAL_STORAGE
ADDED from src\main\AndroidManifest.xml:16:5-80
	android:name
		ADDED from src\main\AndroidManifest.xml:16:22-78
uses-permission#android.permission.READ_PHONE_STATE
ADDED from src\main\AndroidManifest.xml:17:5-74
	android:name
		ADDED from src\main\AndroidManifest.xml:17:22-72
uses-permission#android.permission.READ_EXTERNAL_STORAGE
ADDED from src\main\AndroidManifest.xml:18:5-79
	android:name
		ADDED from src\main\AndroidManifest.xml:18:22-77
application
ADDED from src\main\AndroidManifest.xml:20:5-44:19
MERGED from [com.android.support:appcompat-v7:19.1.0] AndroidManifest.xml:19:5-20
MERGED from [com.android.support.constraint:constraint-layout:1.0.2] AndroidManifest.xml:9:5-20
	android:label
		ADDED from src\main\AndroidManifest.xml:23:9-41
	android:allowBackup
		ADDED from src\main\AndroidManifest.xml:21:9-35
	android:icon
		ADDED from src\main\AndroidManifest.xml:22:9-45
	android:theme
		ADDED from src\main\AndroidManifest.xml:24:9-40
activity#com.garmin.android.apps.connectiq.sample.comm.MainActivity
ADDED from src\main\AndroidManifest.xml:25:9-33:20
	android:label
		ADDED from src\main\AndroidManifest.xml:27:13-45
	android:name
		ADDED from src\main\AndroidManifest.xml:26:13-41
intent-filter#android.intent.action.MAIN+android.intent.category.LAUNCHER
ADDED from src\main\AndroidManifest.xml:28:13-32:29
action#android.intent.action.MAIN
ADDED from src\main\AndroidManifest.xml:29:17-68
	android:name
		ADDED from src\main\AndroidManifest.xml:29:25-66
category#android.intent.category.LAUNCHER
ADDED from src\main\AndroidManifest.xml:31:17-76
	android:name
		ADDED from src\main\AndroidManifest.xml:31:27-74
activity#com.garmin.android.apps.connectiq.sample.comm.DeviceActivity
ADDED from src\main\AndroidManifest.xml:34:9-36:47
	android:label
		ADDED from src\main\AndroidManifest.xml:36:13-45
	android:name
		ADDED from src\main\AndroidManifest.xml:35:13-43
activity#com.garmin.android.apps.connectiq.sample.comm.ServiceStartActivity
ADDED from src\main\AndroidManifest.xml:37:9-38:20
	android:name
		ADDED from src\main\AndroidManifest.xml:37:19-55
service#com.garmin.android.apps.connectiq.sample.comm.MyIntentService
ADDED from src\main\AndroidManifest.xml:40:9-42:39
	android:exported
		ADDED from src\main\AndroidManifest.xml:42:13-37
	android:name
		ADDED from src\main\AndroidManifest.xml:41:13-44